Vivado Simulator 2020.2
Time resolution is 1 ps
[25000] PC: 0 | instrCode: 00000000000100010000001000110011 | Type: R-TYPE
[35000] PC: 4 | instrCode: 01000000000100010000001010110011 | Type: R-TYPE
[45000] PC: 8 | instrCode: 00000000001000000010010000100011 | Type: S-TYPE
[55000] PC: c | instrCode: 00000000100000000010000110000011 | Type: I-TYPE
[65000] PC: 10 | instrCode: 00000000100000010000001100010011 | Type: I-TYPE
[75000] PC: 14 | instrCode: 00000000001000001000000001100011 | Type: B-TYPE
[85000] PC: 18 | instrCode: 00000000001000001001000001100011 | Type: B-TYPE
[95000] PC: 18 | instrCode: 00000000001000001001000001100011 | Type: B-TYPE
[105000] PC: 18 | instrCode: 00000000001000001001000001100011 | Type: B-TYPE
[115000] PC: 18 | instrCode: 00000000001000001001000001100011 | Type: B-TYPE
[125000] PC: 18 | instrCode: 00000000001000001001000001100011 | Type: B-TYPE
[135000] PC: 18 | instrCode: 00000000001000001001000001100011 | Type: B-TYPE
[145000] PC: 18 | instrCode: 00000000001000001001000001100011 | Type: B-TYPE
[155000] PC: 18 | instrCode: 00000000001000001001000001100011 | Type: B-TYPE
[165000] PC: 18 | instrCode: 00000000001000001001000001100011 | Type: B-TYPE
[175000] PC: 18 | instrCode: 00000000001000001001000001100011 | Type: B-TYPE
[185000] PC: 18 | instrCode: 00000000001000001001000001100011 | Type: B-TYPE
[195000] PC: 18 | instrCode: 00000000001000001001000001100011 | Type: B-TYPE
[205000] PC: 18 | instrCode: 00000000001000001001000001100011 | Type: B-TYPE
[215000] PC: 18 | instrCode: 00000000001000001001000001100011 | Type: B-TYPE
[225000] PC: 18 | instrCode: 00000000001000001001000001100011 | Type: B-TYPE
[235000] PC: 18 | instrCode: 00000000001000001001000001100011 | Type: B-TYPE
[245000] PC: 18 | instrCode: 00000000001000001001000001100011 | Type: B-TYPE
[255000] PC: 18 | instrCode: 00000000001000001001000001100011 | Type: B-TYPE
[265000] PC: 18 | instrCode: 00000000001000001001000001100011 | Type: B-TYPE
[275000] PC: 18 | instrCode: 00000000001000001001000001100011 | Type: B-TYPE
[285000] PC: 18 | instrCode: 00000000001000001001000001100011 | Type: B-TYPE
[295000] PC: 18 | instrCode: 00000000001000001001000001100011 | Type: B-TYPE
[305000] PC: 18 | instrCode: 00000000001000001001000001100011 | Type: B-TYPE
[315000] PC: 18 | instrCode: 00000000001000001001000001100011 | Type: B-TYPE
[325000] PC: 18 | instrCode: 00000000001000001001000001100011 | Type: B-TYPE
[335000] PC: 18 | instrCode: 00000000001000001001000001100011 | Type: B-TYPE
[345000] PC: 18 | instrCode: 00000000001000001001000001100011 | Type: B-TYPE
[355000] PC: 18 | instrCode: 00000000001000001001000001100011 | Type: B-TYPE
[365000] PC: 18 | instrCode: 00000000001000001001000001100011 | Type: B-TYPE
[375000] PC: 18 | instrCode: 00000000001000001001000001100011 | Type: B-TYPE
[385000] PC: 18 | instrCode: 00000000001000001001000001100011 | Type: B-TYPE
[395000] PC: 18 | instrCode: 00000000001000001001000001100011 | Type: B-TYPE
[405000] PC: 18 | instrCode: 00000000001000001001000001100011 | Type: B-TYPE
[415000] PC: 18 | instrCode: 00000000001000001001000001100011 | Type: B-TYPE
[425000] PC: 18 | instrCode: 00000000001000001001000001100011 | Type: B-TYPE
[435000] PC: 18 | instrCode: 00000000001000001001000001100011 | Type: B-TYPE
[445000] PC: 18 | instrCode: 00000000001000001001000001100011 | Type: B-TYPE
[455000] PC: 18 | instrCode: 00000000001000001001000001100011 | Type: B-TYPE
[465000] PC: 18 | instrCode: 00000000001000001001000001100011 | Type: B-TYPE
[475000] PC: 18 | instrCode: 00000000001000001001000001100011 | Type: B-TYPE
[485000] PC: 18 | instrCode: 00000000001000001001000001100011 | Type: B-TYPE
[495000] PC: 18 | instrCode: 00000000001000001001000001100011 | Type: B-TYPE
[505000] PC: 18 | instrCode: 00000000001000001001000001100011 | Type: B-TYPE
[515000] PC: 18 | instrCode: 00000000001000001001000001100011 | Type: B-TYPE
$finish called at time : 520 ns : File "C:/Users/kccistc/Desktop/250410_IType/project_1/project_1.sim/tb_RV32I.sv" Line 22
